<?xml version="1.0" encoding="UTF-8"?>
<!-- Generated by org.testng.reporters.JUnitReportReporter -->
<testsuite hostname="LAPTOP-C04IKM3K" failures="0" tests="2" name="pageSetup.Setup" time="0.936" errors="0" timestamp="2022-04-14T19:05:43 CDT" skipped="0">
  <testcase classname="pageSetup.Setup" name="navigateToGetStarted" time="0.384"/>
  <system-out/>
  <testcase classname="pageSetup.Setup" name="enterUserDetails" time="0.552"/>
  <system-out/>
</testsuite> <!-- pageSetup.Setup -->
