<?xml version="1.0" encoding="UTF-8"?>
<!-- Generated by org.testng.reporters.JUnitReportReporter -->
<testsuite hostname="LAPTOP-C04IKM3K" failures="0" tests="1" name="testScenarios.GetStartedTestCase" time="0.886" errors="0" timestamp="2022-04-20T12:42:52 CDT" skipped="0">
  <testcase classname="testScenarios.GetStartedTestCase" name="navigateToGetStarted" time="0.886"/>
  <system-out/>
</testsuite> <!-- testScenarios.GetStartedTestCase -->
