<?xml version="1.0" encoding="UTF-8"?>
<!-- Generated by org.testng.reporters.JUnitReportReporter -->
<testsuite hostname="LAPTOP-C04IKM3K" failures="0" tests="2" name="com.DsAlgo.testCases.LoginTestCase" time="12.537" errors="0" timestamp="2022-05-04T14:44:26 CDT" skipped="0">
  <testcase classname="com.DsAlgo.testCases.LoginTestCase" name="LoginTest" time="10.956"/>
  <system-out/>
  <testcase classname="com.DsAlgo.testCases.LoginTestCase" name="LoginTest" time="1.581"/>
  <system-out/>
</testsuite> <!-- com.DsAlgo.testCases.LoginTestCase -->
