<?xml version="1.0" encoding="UTF-8"?>
<!-- Generated by org.testng.reporters.JUnitReportReporter -->
<testsuite hostname="LAPTOP-C04IKM3K" failures="0" tests="1" name="com.DsAlgo.testCases.GetStartedTestCase" time="0.614" errors="0" timestamp="2022-05-04T14:44:26 CDT" skipped="0">
  <testcase classname="com.DsAlgo.testCases.GetStartedTestCase" name="navigateToGetStarted" time="0.614"/>
  <system-out/>
</testsuite> <!-- com.DsAlgo.testCases.GetStartedTestCase -->
