<?xml version="1.0" encoding="UTF-8"?>
<!-- Generated by org.testng.reporters.JUnitReportReporter -->
<testsuite hostname="LAPTOP-C04IKM3K" failures="0" tests="2" name="com.DsAlgo.testCases.ModuleSelectionTestCase" time="7.991" errors="0" timestamp="2022-05-04T14:44:26 CDT" skipped="0">
  <testcase classname="com.DsAlgo.testCases.ModuleSelectionTestCase" name="selectModuleArray" time="5.759"/>
  <system-out/>
  <testcase classname="com.DsAlgo.testCases.ModuleSelectionTestCase" name="selectModuleGraph" time="2.232"/>
  <system-out/>
</testsuite> <!-- com.DsAlgo.testCases.ModuleSelectionTestCase -->
