<?xml version="1.0" encoding="UTF-8"?>
<!-- Generated by org.testng.reporters.JUnitReportReporter -->
<testsuite hostname="LAPTOP-C04IKM3K" failures="0" tests="2" name="com.DsAlgo.testCases.RegistrationTestCase" time="2.091" errors="0" timestamp="2022-05-04T14:44:26 CDT" skipped="0">
  <testcase classname="com.DsAlgo.testCases.RegistrationTestCase" name="enterUserDetails" time="1.549"/>
  <system-out/>
  <testcase classname="com.DsAlgo.testCases.RegistrationTestCase" name="enterUserDetailsNegative" time="0.542"/>
  <system-out/>
</testsuite> <!-- com.DsAlgo.testCases.RegistrationTestCase -->
